[35m[Appium][39m Welcome to Appium v1.22.3
[35m[Appium][39m Non-default server args:
[35m[Appium][39m   port: 64177
[35m[Appium][39m   tmpDir: C:\Users\salsa\AppData\Local\Temp\\Katalon\Appium\Temp1650084853685
[35m[Appium][39m   chromedriverPort: 64178
[35m[Appium][39m Deprecated server args:
[35m[Appium][39m   [31m--chromedriver-port[39m => --default-capabilities
[35m[Appium][39m Default capabilities, which will be added to each request unless overridden by desired capabilities:
[35m[Appium][39m   chromedriverPort: 64178
[35m[Appium][39m Appium REST http interface listener started on 0.0.0.0:64177
[35m[HTTP][39m [37m-->[39m [37mGET[39m [37m/wd/hub/status[39m
[35m[HTTP][39m [90m{}[39m
[debug] [35m[GENERIC][39m Calling AppiumDriver.getStatus() with args: []
[debug] [35m[GENERIC][39m Responding to client with driver.getStatus() result: {"build":{"version":"1.22.3"}}
[35m[HTTP][39m [37m<-- GET /wd/hub/status [39m[32m200[39m [90m11 ms - 68[39m
[35m[HTTP][39m [90m[39m
[35m[HTTP][39m [37m-->[39m [37mGET[39m [37m/wd/hub/status[39m
[35m[HTTP][39m [90m{}[39m
[debug] [35m[GENERIC][39m Calling AppiumDriver.getStatus() with args: []
[debug] [35m[GENERIC][39m Responding to client with driver.getStatus() result: {"build":{"version":"1.22.3"}}
[35m[HTTP][39m [37m<-- GET /wd/hub/status [39m[32m200[39m [90m3 ms - 68[39m
[35m[HTTP][39m [90m[39m
[35m[HTTP][39m [37m-->[39m [37mPOST[39m [37m/wd/hub/session[39m
[35m[HTTP][39m [90m{"desiredCapabilities":{"appActivity":".Settings","appPackage":"com.android.settings","newCommandTimeout":1800,"platformVersion":"11","automationName":"uiautomator2","autoGrantPermissions":true,"platformName":"Android","udid":"aeebca410407","deviceName":"Xiaomi M2003J15SC (Android 11)","platform":"ANDROID","systemPort":8214},"capabilities":{"firstMatch":[{"appium:appActivity":".Settings","appium:appPackage":"com.android.settings","appium:autoGrantPermissions":true,"appium:automationName":"uiautomator2","appium:deviceName":"Xiaomi M2003J15SC (Android 11)","appium:newCommandTimeout":1800,"platform":"ANDROID","platformName":"android","appium:platformVersion":"11","appium:systemPort":8214,"appium:udid":"aeebca410407"}]}}[39m
[debug] [35m[W3C][39m Calling AppiumDriver.createSession() with args: [{"appActivity":".Settings","appPackage":"com.android.settings","newCommandTimeout":1800,"platformVersion":"11","automationName":"uiautomator2","autoGrantPermissions":true,"platformName":"Android","udid":"aeebca410407","deviceName":"Xiaomi M2003J15SC (Android 11)","platform":"ANDROID","systemPort":8214},null,{"firstMatch":[{"appium:appActivity":".Settings","appium:appPackage":"com.android.settings","appium:autoGrantPermissions":true,"appium:automationName":"uiautomator2","appium:deviceName":"Xiaomi M2003J15SC (Android 11)","appium:newCommandTimeout":1800,"platform":"ANDROID","platformName":"android","appium:platformVersion":"11","appium:systemPort":8214,"appium:udid":"aeebca410407"}]}]
[debug] [35m[BaseDriver][39m Event 'newSessionRequested' logged at 1650084858539 (11:54:18 GMT+0700 (Western Indonesia Time))
[35m[BaseDriver][39m The following capabilities are not standard capabilities and should have an extension prefix:
[35m[BaseDriver][39m   platform
[35m[BaseDriver][39m   chromedriverPort
[35m[Appium][39m Appium v1.22.3 creating new AndroidUiautomator2Driver (v1.70.1) session
[debug] [35m[BaseDriver][39m W3C capabilities and MJSONWP desired capabilities were provided
[debug] [35m[BaseDriver][39m Creating session with W3C capabilities: {
[debug] [35m[BaseDriver][39m   "alwaysMatch": {
[debug] [35m[BaseDriver][39m     "appium:platform": "ANDROID",
[debug] [35m[BaseDriver][39m     "platformName": "android",
[debug] [35m[BaseDriver][39m     "appium:chromedriverPort": 64178,
[debug] [35m[BaseDriver][39m     "appium:appActivity": ".Settings",
[debug] [35m[BaseDriver][39m     "appium:appPackage": "com.android.settings",
[debug] [35m[BaseDriver][39m     "appium:autoGrantPermissions": true,
[debug] [35m[BaseDriver][39m     "appium:automationName": "uiautomator2",
[debug] [35m[BaseDriver][39m     "appium:deviceName": "Xiaomi M2003J15SC (Android 11)",
[debug] [35m[BaseDriver][39m     "appium:newCommandTimeout": 1800,
[debug] [35m[BaseDriver][39m     "appium:platformVersion": "11",
[debug] [35m[BaseDriver][39m     "appium:systemPort": 8214,
[debug] [35m[BaseDriver][39m     "appium:udid": "aeebca410407"
[debug] [35m[BaseDriver][39m   },
[debug] [35m[BaseDriver][39m   "firstMatch": [
[debug] [35m[BaseDriver][39m     {}
[debug] [35m[BaseDriver][39m   ]
[debug] [35m[BaseDriver][39m }
[35m[BaseDriver][39m The following capabilities were provided, but are not recognized by Appium:
[35m[BaseDriver][39m   platform
[35m[BaseDriver][39m Session created with session id: a9b75b1c-3e4f-41e2-8fcb-a768812e8c54
[35m[UiAutomator2][39m Starting 'com.android.settings' directly on the device
[35m[ADB][39m Found 1 'build-tools' folders under 'C:\Users\salsa\.katalon\tools\android_sdk' (newest first):
[35m[ADB][39m     C:/Users/salsa/.katalon/tools/android_sdk/build-tools/29.0.3
[35m[ADB][39m Using 'adb.exe' from 'C:\Users\salsa\.katalon\tools\android_sdk\platform-tools\adb.exe'
[debug] [35m[ADB][39m Running 'C:\Users\salsa\.katalon\tools\android_sdk\platform-tools\adb.exe -P 5037 start-server'
[35m[AndroidDriver][39m Retrieving device list
[debug] [35m[ADB][39m Trying to find a connected android device
[debug] [35m[ADB][39m Getting connected devices
[debug] [35m[ADB][39m Connected devices: [{"udid":"aeebca410407","state":"device"}]
[35m[AndroidDriver][39m Using device: aeebca410407
[35m[ADB][39m Using 'adb.exe' from 'C:\Users\salsa\.katalon\tools\android_sdk\platform-tools\adb.exe'
[debug] [35m[ADB][39m Running 'C:\Users\salsa\.katalon\tools\android_sdk\platform-tools\adb.exe -P 5037 start-server'
[debug] [35m[ADB][39m Setting device id to aeebca410407
[debug] [35m[ADB][39m Running 'C:\Users\salsa\.katalon\tools\android_sdk\platform-tools\adb.exe -P 5037 -s aeebca410407 shell getprop ro.build.version.sdk'
[debug] [35m[ADB][39m Current device property 'ro.build.version.sdk': 30
[35m[ADB][39m Getting device platform version
[debug] [35m[ADB][39m Running 'C:\Users\salsa\.katalon\tools\android_sdk\platform-tools\adb.exe -P 5037 -s aeebca410407 shell getprop ro.build.version.release'
[debug] [35m[ADB][39m Current device property 'ro.build.version.release': 11
[debug] [35m[ADB][39m Device API level: 30
[35m[UiAutomator2][39m Relaxing hidden api policy
[debug] [35m[ADB][39m Running 'C:\Users\salsa\.katalon\tools\android_sdk\platform-tools\adb.exe -P 5037 -s aeebca410407 shell 'settings put global hidden_api_policy_pre_p_apps 1;settings put global hidden_api_policy_p_apps 1;settings put global hidden_api_policy 1''
[35m[AndroidDriver][39m No app sent in, not parsing package/activity
[debug] [35m[ADB][39m Running 'C:\Users\salsa\.katalon\tools\android_sdk\platform-tools\adb.exe -P 5037 -s aeebca410407 wait-for-device'
[debug] [35m[ADB][39m Running 'C:\Users\salsa\.katalon\tools\android_sdk\platform-tools\adb.exe -P 5037 -s aeebca410407 shell echo ping'
[debug] [35m[AndroidDriver][39m Pushing settings apk to device...
[debug] [35m[ADB][39m Getting install status for io.appium.settings
[debug] [35m[ADB][39m Running 'C:\Users\salsa\.katalon\tools\android_sdk\platform-tools\adb.exe -P 5037 -s aeebca410407 shell dumpsys package io.appium.settings'
[debug] [35m[ADB][39m 'io.appium.settings' is installed
[debug] [35m[ADB][39m Getting package info for 'io.appium.settings'
[debug] [35m[ADB][39m Running 'C:\Users\salsa\.katalon\tools\android_sdk\platform-tools\adb.exe -P 5037 -s aeebca410407 shell dumpsys package io.appium.settings'
[debug] [35m[ADB][39m The version name of the installed 'io.appium.settings' is greater or equal to the application version name ('3.4.0' >= '3.4.0')
[debug] [35m[ADB][39m There is no need to install/upgrade 'C:\Users\salsa\AppData\Roaming\npm\node_modules\appium\node_modules\io.appium.settings\apks\settings_apk-debug.apk'
[debug] [35m[ADB][39m Getting IDs of all 'io.appium.settings' processes
[debug] [35m[ADB][39m Running 'C:\Users\salsa\.katalon\tools\android_sdk\platform-tools\adb.exe -P 5037 -s aeebca410407 shell 'pgrep --help; echo $?''
[debug] [35m[ADB][39m Running 'C:\Users\salsa\.katalon\tools\android_sdk\platform-tools\adb.exe -P 5037 -s aeebca410407 shell pgrep -f \(\[\[:blank:\]\]\|\^\)io\.appium\.settings\(\[\[:blank:\]\]\|\$\)'
[debug] [35m[ADB][39m Getting IDs of all 'io.appium.settings' processes
[debug] [35m[ADB][39m Running 'C:\Users\salsa\.katalon\tools\android_sdk\platform-tools\adb.exe -P 5037 -s aeebca410407 shell pgrep -f \(\[\[:blank:\]\]\|\^\)io\.appium\.settings\(\[\[:blank:\]\]\|\$\)'
[debug] [35m[ADB][39m Starting Appium Settings app
[debug] [35m[ADB][39m Running 'C:\Users\salsa\.katalon\tools\android_sdk\platform-tools\adb.exe -P 5037 -s aeebca410407 shell am start -n io.appium.settings/.Settings -a android.intent.action.MAIN -c android.intent.category.LAUNCHER'
[debug] [35m[ADB][39m Getting IDs of all 'io.appium.settings' processes
[debug] [35m[ADB][39m Running 'C:\Users\salsa\.katalon\tools\android_sdk\platform-tools\adb.exe -P 5037 -s aeebca410407 shell pgrep -f \(\[\[:blank:\]\]\|\^\)io\.appium\.settings\(\[\[:blank:\]\]\|\$\)'
[debug] [35m[ADB][39m Getting IDs of all 'io.appium.settings' processes
[debug] [35m[ADB][39m Running 'C:\Users\salsa\.katalon\tools\android_sdk\platform-tools\adb.exe -P 5037 -s aeebca410407 shell pgrep -f \(\[\[:blank:\]\]\|\^\)io\.appium\.settings\(\[\[:blank:\]\]\|\$\)'
[debug] [35m[ADB][39m Running 'C:\Users\salsa\.katalon\tools\android_sdk\platform-tools\adb.exe -P 5037 -s aeebca410407 shell appops set io.appium.settings android:mock_location allow'
[debug] [35m[Logcat][39m Starting logs capture with command: C:\\Users\\salsa\\.katalon\\tools\\android_sdk\\platform-tools\\adb.exe -P 5037 -s aeebca410407 logcat -v threadtime
[debug] [35m[UiAutomator2][39m Forwarding UiAutomator2 Server port 6790 to local port 8214
[debug] [35m[ADB][39m Forwarding system: 8214 to device: 6790
[debug] [35m[ADB][39m Running 'C:\Users\salsa\.katalon\tools\android_sdk\platform-tools\adb.exe -P 5037 -s aeebca410407 forward tcp:8214 tcp:6790'
[debug] [35m[ADB][39m Getting install status for io.appium.uiautomator2.server
[debug] [35m[ADB][39m Running 'C:\Users\salsa\.katalon\tools\android_sdk\platform-tools\adb.exe -P 5037 -s aeebca410407 shell dumpsys package io.appium.uiautomator2.server'
[debug] [35m[ADB][39m 'io.appium.uiautomator2.server' is installed
[debug] [35m[ADB][39m Getting package info for 'io.appium.uiautomator2.server'
[debug] [35m[ADB][39m Running 'C:\Users\salsa\.katalon\tools\android_sdk\platform-tools\adb.exe -P 5037 -s aeebca410407 shell dumpsys package io.appium.uiautomator2.server'
[debug] [35m[ADB][39m The version name of the installed 'io.appium.uiautomator2.server' is greater or equal to the application version name ('4.27.0' >= '4.27.0')
[debug] [35m[UiAutomator2][39m io.appium.uiautomator2.server installation state: sameVersionInstalled
[debug] [35m[ADB][39m Checking app cert for C:\Users\salsa\AppData\Roaming\npm\node_modules\appium\node_modules\appium-uiautomator2-server\apks\appium-uiautomator2-server-v4.27.0.apk
[35m[ADB][39m Using 'apksigner.jar' from 'C:\Users\salsa\.katalon\tools\android_sdk\build-tools\29.0.3\lib\apksigner.jar'
[debug] [35m[ADB][39m Starting apksigner: F:\\Katalon_Studio_Windows_64-8.2.5\\jre\\bin\\java.exe -Xmx1024M -Xss1m -jar C:\\Users\\salsa\\.katalon\\tools\\android_sdk\\build-tools\\29.0.3\\lib\\apksigner.jar verify --print-certs C:\\Users\\salsa\\AppData\\Roaming\\npm\\node_modules\\appium\\node_modules\\appium-uiautomator2-server\\apks\\appium-uiautomator2-server-v4.27.0.apk
[debug] [35m[ADB][39m apksigner stdout: Signer #1 certificate DN: EMAILADDRESS=android@android.com, CN=Android, OU=Android, O=Android, L=Mountain View, ST=California, C=US
[debug] [35m[ADB][39m Signer #1 certificate SHA-256 digest: a40da80a59d170caa950cf15c18c454d47a39b26989d8b640ecd745ba71bf5dc
[debug] [35m[ADB][39m Signer #1 certificate SHA-1 digest: 61ed377e85d386a8dfee6b864bd85b0bfaa5af81
[debug] [35m[ADB][39m Signer #1 certificate MD5 digest: e89b158e4bcf988ebd09eb83f5378e87
[debug] [35m[ADB][39m 
[debug] [35m[ADB][39m sha256 hash did match for 'appium-uiautomator2-server-v4.27.0.apk'
[35m[ADB][39m 'C:\Users\salsa\AppData\Roaming\npm\node_modules\appium\node_modules\appium-uiautomator2-server\apks\appium-uiautomator2-server-v4.27.0.apk' is signed with the default certificate
[debug] [35m[ADB][39m Getting install status for io.appium.uiautomator2.server.test
[debug] [35m[ADB][39m Running 'C:\Users\salsa\.katalon\tools\android_sdk\platform-tools\adb.exe -P 5037 -s aeebca410407 shell dumpsys package io.appium.uiautomator2.server.test'
[debug] [35m[ADB][39m 'io.appium.uiautomator2.server.test' is installed
[debug] [35m[ADB][39m Checking app cert for C:\Users\salsa\AppData\Roaming\npm\node_modules\appium\node_modules\appium-uiautomator2-server\apks\appium-uiautomator2-server-debug-androidTest.apk
[debug] [35m[ADB][39m Starting apksigner: F:\\Katalon_Studio_Windows_64-8.2.5\\jre\\bin\\java.exe -Xmx1024M -Xss1m -jar C:\\Users\\salsa\\.katalon\\tools\\android_sdk\\build-tools\\29.0.3\\lib\\apksigner.jar verify --print-certs C:\\Users\\salsa\\AppData\\Roaming\\npm\\node_modules\\appium\\node_modules\\appium-uiautomator2-server\\apks\\appium-uiautomator2-server-debug-androidTest.apk
[debug] [35m[ADB][39m apksigner stdout: Signer #1 certificate DN: EMAILADDRESS=android@android.com, CN=Android, OU=Android, O=Android, L=Mountain View, ST=California, C=US
[debug] [35m[ADB][39m Signer #1 certificate SHA-256 digest: a40da80a59d170caa950cf15c18c454d47a39b26989d8b640ecd745ba71bf5dc
[debug] [35m[ADB][39m Signer #1 certificate SHA-1 digest: 61ed377e85d386a8dfee6b864bd85b0bfaa5af81
[debug] [35m[ADB][39m Signer #1 certificate MD5 digest: e89b158e4bcf988ebd09eb83f5378e87
[debug] [35m[ADB][39m 
[debug] [35m[ADB][39m sha256 hash did match for 'appium-uiautomator2-server-debug-androidTest.apk'
[35m[ADB][39m 'C:\Users\salsa\AppData\Roaming\npm\node_modules\appium\node_modules\appium-uiautomator2-server\apks\appium-uiautomator2-server-debug-androidTest.apk' is signed with the default certificate
[35m[UiAutomator2][39m Server packages are not going to be (re)installed
[debug] [35m[UiAutomator2][39m Waiting up to 30000ms for services to be available
[debug] [35m[ADB][39m Running 'C:\Users\salsa\.katalon\tools\android_sdk\platform-tools\adb.exe -P 5037 -s aeebca410407 shell pm list instrumentation'
[debug] [35m[UiAutomator2][39m Instrumentation target 'io.appium.uiautomator2.server.test/androidx.test.runner.AndroidJUnitRunner' is available
[35m[ADB][39m Adding packages ["io.appium.settings","io.appium.uiautomator2.server","io.appium.uiautomator2.server.test"] to Doze whitelist
[debug] [35m[ADB][39m Got the following command chunks to execute: [["dumpsys","deviceidle","whitelist","+io.appium.settings",";","dumpsys","deviceidle","whitelist","+io.appium.uiautomator2.server",";","dumpsys","deviceidle","whitelist","+io.appium.uiautomator2.server.test",";"]]
[debug] [35m[ADB][39m Running 'C:\Users\salsa\.katalon\tools\android_sdk\platform-tools\adb.exe -P 5037 -s aeebca410407 shell dumpsys deviceidle whitelist +io.appium.settings ; dumpsys deviceidle whitelist +io.appium.uiautomator2.server ; dumpsys deviceidle whitelist +io.appium.uiautomator2.server.test ;'
[debug] [35m[UiAutomator2][39m No app capability. Assuming it is already on the device
[debug] [35m[ADB][39m Getting install status for com.android.settings
[debug] [35m[ADB][39m Running 'C:\Users\salsa\.katalon\tools\android_sdk\platform-tools\adb.exe -P 5037 -s aeebca410407 shell dumpsys package com.android.settings'
[debug] [35m[ADB][39m 'com.android.settings' is installed
[debug] [35m[ADB][39m Running 'C:\Users\salsa\.katalon\tools\android_sdk\platform-tools\adb.exe -P 5037 -s aeebca410407 shell am force-stop com.android.settings'
[debug] [35m[ADB][39m Running 'C:\Users\salsa\.katalon\tools\android_sdk\platform-tools\adb.exe -P 5037 -s aeebca410407 shell pm clear com.android.settings'
[debug] [35m[ADB][39m Running 'C:\Users\salsa\.katalon\tools\android_sdk\platform-tools\adb.exe -P 5037 -s aeebca410407 shell dumpsys package com.android.settings'
[debug] [35m[ADB][39m Retrieving requested permissions
[debug] [35m[ADB][39m Retrieved 355 permissions from requested group
[debug] [35m[ADB][39m Retrieving granted permissions
[debug] [35m[ADB][39m Retrieved 282 permissions from install,runtime groups
[debug] [35m[ADB][39m Granting permissions ["android.globallauncher.permission.READ_SETTINGS","android.globallauncher.permission.WRITE_SETTINGS"] to 'com.android.settings'
[debug] [35m[ADB][39m Got the following command chunks to execute: [["pm","grant","com.android.settings","android.globallauncher.permission.READ_SETTINGS",";","pm","grant","com.android.settings","android.globallauncher.permission.WRITE_SETTINGS",";"]]
[debug] [35m[ADB][39m Running 'C:\Users\salsa\.katalon\tools\android_sdk\platform-tools\adb.exe -P 5037 -s aeebca410407 shell pm grant com.android.settings android.globallauncher.permission.READ_SETTINGS ; pm grant com.android.settings android.globallauncher.permission.WRITE_SETTINGS ;'
[debug] [35m[AndroidDriver][39m Performed fast reset on the installed 'com.android.settings' application (stop and clear)
[debug] [35m[UiAutomator2][39m Performing shallow cleanup of automation leftovers
[debug] [35m[UiAutomator2][39m No obsolete sessions have been detected (socket hang up)
[debug] [35m[ADB][39m Running 'C:\Users\salsa\.katalon\tools\android_sdk\platform-tools\adb.exe -P 5037 -s aeebca410407 shell am force-stop io.appium.uiautomator2.server.test'
[35m[UiAutomator2][39m Starting UIAutomator2 server 4.27.0
[35m[UiAutomator2][39m Using UIAutomator2 server from 'C:\Users\salsa\AppData\Roaming\npm\node_modules\appium\node_modules\appium-uiautomator2-server\apks\appium-uiautomator2-server-v4.27.0.apk' and test from 'C:\Users\salsa\AppData\Roaming\npm\node_modules\appium\node_modules\appium-uiautomator2-server\apks\appium-uiautomator2-server-debug-androidTest.apk'
[35m[UiAutomator2][39m Waiting up to 30000ms for UiAutomator2 to be online...
[debug] [35m[ADB][39m Creating ADB subprocess with args: ["-P",5037,"-s","aeebca410407","shell","am","instrument","-w","-e","disableAnalytics",true,"io.appium.uiautomator2.server.test/androidx.test.runner.AndroidJUnitRunner"]
[debug] [35m[WD Proxy][39m Matched '/status' to command name 'getStatus'
[debug] [35m[WD Proxy][39m Proxying [GET /status] to [GET http://127.0.0.1:8214/wd/hub/status] with no body
[35m[WD Proxy][39m socket hang up
[debug] [35m[WD Proxy][39m Matched '/status' to command name 'getStatus'
[debug] [35m[WD Proxy][39m Proxying [GET /status] to [GET http://127.0.0.1:8214/wd/hub/status] with no body
[35m[WD Proxy][39m socket hang up
[debug] [35m[WD Proxy][39m Matched '/status' to command name 'getStatus'
[debug] [35m[WD Proxy][39m Proxying [GET /status] to [GET http://127.0.0.1:8214/wd/hub/status] with no body
[35m[WD Proxy][39m socket hang up
[debug] [35m[Instrumentation][39m io.appium.uiautomator2.server.test.AppiumUiAutomator2Server:
[debug] [35m[WD Proxy][39m Matched '/status' to command name 'getStatus'
[debug] [35m[WD Proxy][39m Proxying [GET /status] to [GET http://127.0.0.1:8214/wd/hub/status] with no body
[35m[WD Proxy][39m socket hang up
[debug] [35m[WD Proxy][39m Matched '/status' to command name 'getStatus'
[debug] [35m[WD Proxy][39m Proxying [GET /status] to [GET http://127.0.0.1:8214/wd/hub/status] with no body
[debug] [35m[WD Proxy][39m Got response with status 200: {"sessionId":"None","value":{"message":"UiAutomator2 Server is ready to accept commands","ready":true}}
[debug] [35m[UiAutomator2][39m The initialization of the instrumentation process took 4253ms
[debug] [35m[WD Proxy][39m Matched '/session' to command name 'createSession'
[debug] [35m[WD Proxy][39m Proxying [POST /session] to [POST http://127.0.0.1:8214/wd/hub/session] with body: {"capabilities":{"firstMatch":[{"platform":"ANDROID","webStorageEnabled":false,"takesScreenshot":true,"javascriptEnabled":true,"databaseEnabled":false,"networkConnectionEnabled":true,"locationContextEnabled":false,"warnings":{},"desired":{"platformName":"android","platform":"ANDROID","chromedriverPort":64178,"appActivity":".Settings","appPackage":"com.android.settings","autoGrantPermissions":true,"automationName":"uiautomator2","deviceName":"Xiaomi M2003J15SC (Android 11)","newCommandTimeout":1800,"platformVersion":"11","systemPort":8214,"udid":"aeebca410407"},"platformName":"android","chromedriverPort":64178,"appActivity":".Settings","appPackage":"com.android.settings","autoGrantPermissions":true,"automationName":"uiautomator2","deviceName":"aeebca410407","newCommandTimeout":1800,"platformVersion":"11","systemPort":8214,"udid":"aeebca410407","deviceUDID":"aeebca410407"}],"alwaysMatch":{}}}
[debug] [35m[WD Proxy][39m Got response with status 200: {"sessionId":"a7ceb3b5-1e6a-44e0-a163-922cf26369d4","value":{"capabilities":{"firstMatch":[{"platform":"ANDROID","webStorageEnabled":false,"takesScreenshot":true,"javascriptEnabled":true,"databaseEnabled":false,"networkConnectionEnabled":true,"locationContextEnabled":false,"warnings":{},"desired":{"platformName":"android","platform":"ANDROID","chromedriverPort":64178,"appActivity":".Settings","appPackage":"com.android.settings","autoGrantPermissions":true,"automationName":"uiautomator2","deviceName":"Xiaomi M2003J15SC (Android 11)","newCommandTimeout":1800,"platformVersion":"11","systemPort":8214,"udid":"aeebca410407"},"platformName":"android","chromedriverPort":64178,"appActivity":".Settings","appPackage":"com.android.settings","autoGrantPermissions":true,"automationName":"uiautomator2","deviceName":"aeebca410407","newCommandTimeout":1800,"platformVersion":"11","systemPort":8214,"udid":"aeebca410407","deviceUDID":"aeebca410407"}],"alwaysMatch":{}},"sessionId":"a7ceb3b5-1e6a-44e0-a163-922cf26369d4"}}
[35m[WD Proxy][39m Determined the downstream protocol as 'W3C'
[debug] [35m[WD Proxy][39m Proxying [GET /appium/device/info] to [GET http://127.0.0.1:8214/wd/hub/session/a7ceb3b5-1e6a-44e0-a163-922cf26369d4/appium/device/info] with no body
[debug] [35m[WD Proxy][39m Got response with status 200: {"sessionId":"a7ceb3b5-1e6a-44e0-a163-922cf26369d4","value":{"androidId":"ddf71c4a2a5ee463","apiVersion":"30","bluetooth":{"state":"OFF"},"brand":"Redmi","carrierName":"3","displayDensity":352,"locale":"en_US","manufacturer":"Xiaomi","model":"M2003J15SC","networks":[{"capabilities":{"SSID":null,"linkDownBandwidthKbps":30000,"linkUpstreamBandwidthKbps":15000,"networkCapabilities":"NET_CAPABILITY_SUPL,NET_CAPABILITY_INTERNET,NET_CAPABILITY_NOT_RESTRICTED,NET_CAPABILITY_TRUSTED,NET_CAPABILITY_NOT_VPN,NET_CAPABILITY_VALIDATED,NET_CAPABILITY_NOT_ROAMING,NET_CAPABILITY_FOREGROUND,NET_CAPABILITY_NOT_CONGESTED,NET_CAPABILITY_NOT_SUSPENDED","signalStrength":-2147483648,"transportTypes":"TRANSPORT_CELLULAR"},"detailedState":"CONNECTED","extraInfo":"3gprs","isAvailable":true,"isConnected":true,"isFailover":false,"isRoaming":false,"state":"CONNECTED","subtype":13,"subtypeName":"LTE","type":0,"typeName":"MOBILE"}],"platformVersion":"11","realDisplaySize":"1080x2340","timeZone":"Asia/Jakarta"}}
[debug] [35m[ADB][39m Running 'C:\Users\salsa\.katalon\tools\android_sdk\platform-tools\adb.exe -P 5037 -s aeebca410407 shell dumpsys window'
[35m[AndroidDriver][39m Screen already unlocked, doing nothing
[35m[UiAutomator2][39m Starting 'com.android.settings/.Settings and waiting for 'com.android.settings/.Settings'
[debug] [35m[ADB][39m Running 'C:\Users\salsa\.katalon\tools\android_sdk\platform-tools\adb.exe -P 5037 -s aeebca410407 shell am start -W -n com.android.settings/.Settings -S -a android.intent.action.MAIN -c android.intent.category.LAUNCHER -f 0x10200000'
[debug] [35m[WD Proxy][39m Proxying [GET /appium/device/pixel_ratio] to [GET http://127.0.0.1:8214/wd/hub/session/a7ceb3b5-1e6a-44e0-a163-922cf26369d4/appium/device/pixel_ratio] with no body
[debug] [35m[WD Proxy][39m Got response with status 200: {"sessionId":"a7ceb3b5-1e6a-44e0-a163-922cf26369d4","value":2.2}
[debug] [35m[WD Proxy][39m Matched '/appium/device/system_bars' to command name 'getSystemBars'
[debug] [35m[WD Proxy][39m Proxying [GET /appium/device/system_bars] to [GET http://127.0.0.1:8214/wd/hub/session/a7ceb3b5-1e6a-44e0-a163-922cf26369d4/appium/device/system_bars] with no body
[debug] [35m[WD Proxy][39m Got response with status 200: {"sessionId":"a7ceb3b5-1e6a-44e0-a163-922cf26369d4","value":{"statusBar":100}}
[debug] [35m[WD Proxy][39m Matched '/window/current/size' to command name 'getWindowSize'
[debug] [35m[WD Proxy][39m Proxying [GET /window/current/size] to [GET http://127.0.0.1:8214/wd/hub/session/a7ceb3b5-1e6a-44e0-a163-922cf26369d4/window/current/size] with no body
[debug] [35m[WD Proxy][39m Got response with status 200: {"sessionId":"a7ceb3b5-1e6a-44e0-a163-922cf26369d4","value":{"height":2136,"width":1080}}
[35m[Appium][39m New AndroidUiautomator2Driver session created successfully, session a9b75b1c-3e4f-41e2-8fcb-a768812e8c54 added to master session list
[debug] [35m[BaseDriver][39m Event 'newSessionStarted' logged at 1650084873622 (11:54:33 GMT+0700 (Western Indonesia Time))
[debug] [35m[W3C (a9b75b1c)][39m Cached the protocol value 'W3C' for the new session a9b75b1c-3e4f-41e2-8fcb-a768812e8c54
[debug] [35m[W3C (a9b75b1c)][39m Responding to client with driver.createSession() result: {"capabilities":{"platform":"ANDROID","webStorageEnabled":false,"takesScreenshot":true,"javascriptEnabled":true,"databaseEnabled":false,"networkConnectionEnabled":true,"locationContextEnabled":false,"warnings":{},"desired":{"platformName":"android","platform":"ANDROID","chromedriverPort":64178,"appActivity":".Settings","appPackage":"com.android.settings","autoGrantPermissions":true,"automationName":"uiautomator2","deviceName":"Xiaomi M2003J15SC (Android 11)","newCommandTimeout":1800,"platformVersion":"11","systemPort":8214,"udid":"aeebca410407"},"platformName":"android","chromedriverPort":64178,"appActivity":".Settings","appPackage":"com.android.settings","autoGrantPermissions":true,"automationName":"uiautomator2","deviceName":"aeebca410407","newCommandTimeout":1800,"platformVersion":"11","systemPort":8214,"udid":"aeebca410407","deviceUDID":"aeebca410407","deviceApiLevel":30,"deviceScreenSize":"1080x2340","deviceScreenDensity":352,"deviceModel":"M2003J15SC","deviceManufacturer":"Xiaomi","pixelRatio":2.2,"s...
[35m[HTTP][39m [37m<-- POST /wd/hub/session [39m[32m200[39m [90m15089 ms - 1164[39m
[35m[HTTP][39m [90m[39m
[35m[HTTP][39m [37m-->[39m [37mGET[39m [37m/wd/hub/session/a9b75b1c-3e4f-41e2-8fcb-a768812e8c54[39m
[35m[HTTP][39m [90m{}[39m
[debug] [35m[W3C (a9b75b1c)][39m Calling AppiumDriver.getSession() with args: ["a9b75b1c-3e4f-41e2-8fcb-a768812e8c54"]
[debug] [35m[UiAutomator2][39m Getting session details from server to mix in
[debug] [35m[WD Proxy][39m Matched '/' to command name 'getSession'
[debug] [35m[WD Proxy][39m Proxying [GET /] to [GET http://127.0.0.1:8214/wd/hub/session/a7ceb3b5-1e6a-44e0-a163-922cf26369d4] with no body
[debug] [35m[WD Proxy][39m Got response with status 200: {"sessionId":"a7ceb3b5-1e6a-44e0-a163-922cf26369d4","value":{"lastScrollData":null}}
[debug] [35m[W3C (a9b75b1c)][39m Responding to client with driver.getSession() result: {"platform":"ANDROID","webStorageEnabled":false,"takesScreenshot":true,"javascriptEnabled":true,"databaseEnabled":false,"networkConnectionEnabled":true,"locationContextEnabled":false,"warnings":{},"desired":{"platformName":"android","platform":"ANDROID","chromedriverPort":64178,"appActivity":".Settings","appPackage":"com.android.settings","autoGrantPermissions":true,"automationName":"uiautomator2","deviceName":"Xiaomi M2003J15SC (Android 11)","newCommandTimeout":1800,"platformVersion":"11","systemPort":8214,"udid":"aeebca410407"},"platformName":"android","chromedriverPort":64178,"appActivity":".Settings","appPackage":"com.android.settings","autoGrantPermissions":true,"automationName":"uiautomator2","deviceName":"aeebca410407","newCommandTimeout":1800,"platformVersion":"11","systemPort":8214,"udid":"aeebca410407","deviceUDID":"aeebca410407","deviceApiLevel":30,"deviceScreenSize":"1080x2340","deviceScreenDensity":352,"deviceModel":"M2003J15SC","deviceManufacturer":"Xiaomi","pixelRatio":2.2,"statBarHeight":10...
[35m[HTTP][39m [37m<-- GET /wd/hub/session/a9b75b1c-3e4f-41e2-8fcb-a768812e8c54 [39m[32m200[39m [90m18 ms - 1118[39m
[35m[HTTP][39m [90m[39m
[35m[HTTP][39m [37m-->[39m [37mGET[39m [37m/wd/hub/session/a9b75b1c-3e4f-41e2-8fcb-a768812e8c54[39m
[35m[HTTP][39m [90m{}[39m
[debug] [35m[W3C (a9b75b1c)][39m Calling AppiumDriver.getSession() with args: ["a9b75b1c-3e4f-41e2-8fcb-a768812e8c54"]
[debug] [35m[UiAutomator2][39m Getting session details from server to mix in
[debug] [35m[WD Proxy][39m Matched '/' to command name 'getSession'
[debug] [35m[WD Proxy][39m Proxying [GET /] to [GET http://127.0.0.1:8214/wd/hub/session/a7ceb3b5-1e6a-44e0-a163-922cf26369d4] with no body
[debug] [35m[WD Proxy][39m Got response with status 200: {"sessionId":"a7ceb3b5-1e6a-44e0-a163-922cf26369d4","value":{"lastScrollData":null}}
[debug] [35m[W3C (a9b75b1c)][39m Responding to client with driver.getSession() result: {"platform":"ANDROID","webStorageEnabled":false,"takesScreenshot":true,"javascriptEnabled":true,"databaseEnabled":false,"networkConnectionEnabled":true,"locationContextEnabled":false,"warnings":{},"desired":{"platformName":"android","platform":"ANDROID","chromedriverPort":64178,"appActivity":".Settings","appPackage":"com.android.settings","autoGrantPermissions":true,"automationName":"uiautomator2","deviceName":"Xiaomi M2003J15SC (Android 11)","newCommandTimeout":1800,"platformVersion":"11","systemPort":8214,"udid":"aeebca410407"},"platformName":"android","chromedriverPort":64178,"appActivity":".Settings","appPackage":"com.android.settings","autoGrantPermissions":true,"automationName":"uiautomator2","deviceName":"aeebca410407","newCommandTimeout":1800,"platformVersion":"11","systemPort":8214,"udid":"aeebca410407","deviceUDID":"aeebca410407","deviceApiLevel":30,"deviceScreenSize":"1080x2340","deviceScreenDensity":352,"deviceModel":"M2003J15SC","deviceManufacturer":"Xiaomi","pixelRatio":2.2,"statBarHeight":10...
[35m[HTTP][39m [37m<-- GET /wd/hub/session/a9b75b1c-3e4f-41e2-8fcb-a768812e8c54 [39m[32m200[39m [90m36 ms - 1118[39m
[35m[HTTP][39m [90m[39m
[35m[HTTP][39m [37m-->[39m [37mGET[39m [37m/wd/hub/status[39m
[35m[HTTP][39m [90m{}[39m
[debug] [35m[GENERIC][39m Calling AppiumDriver.getStatus() with args: []
[debug] [35m[GENERIC][39m Responding to client with driver.getStatus() result: {"build":{"version":"1.22.3"}}
[35m[HTTP][39m [37m<-- GET /wd/hub/status [39m[32m200[39m [90m8 ms - 68[39m
[35m[HTTP][39m [90m[39m
[35m[HTTP][39m [37m-->[39m [37mPOST[39m [37m/wd/hub/session/a9b75b1c-3e4f-41e2-8fcb-a768812e8c54/timeouts[39m
[35m[HTTP][39m [90m{"implicit":60000}[39m
[debug] [35m[W3C (a9b75b1c)][39m Calling AppiumDriver.timeouts() with args: [null,null,null,null,60000,"a9b75b1c-3e4f-41e2-8fcb-a768812e8c54"]
[debug] [35m[BaseDriver][39m W3C timeout argument: {"implicit":60000}}
[debug] [35m[BaseDriver][39m Set implicit wait to 60000ms
[debug] [35m[W3C (a9b75b1c)][39m Responding to client with driver.timeouts() result: null
[35m[HTTP][39m [37m<-- POST /wd/hub/session/a9b75b1c-3e4f-41e2-8fcb-a768812e8c54/timeouts [39m[32m200[39m [90m9 ms - 14[39m
[35m[HTTP][39m [90m[39m
[35m[HTTP][39m [37m-->[39m [37mGET[39m [37m/wd/hub/session/a9b75b1c-3e4f-41e2-8fcb-a768812e8c54/screenshot[39m
[35m[HTTP][39m [90m{}[39m
[debug] [35m[W3C (a9b75b1c)][39m Calling AppiumDriver.getScreenshot() with args: ["a9b75b1c-3e4f-41e2-8fcb-a768812e8c54"]
[debug] [35m[WD Proxy][39m Matched '/screenshot' to command name 'getScreenshot'
[debug] [35m[WD Proxy][39m Proxying [GET /screenshot] to [GET http://127.0.0.1:8214/wd/hub/session/a7ceb3b5-1e6a-44e0-a163-922cf26369d4/screenshot] with no body
[debug] [35m[WD Proxy][39m Got response with status 200: {"sessionId":"a7ceb3b5-1e6a-44e0-a163-922cf26369d4","value":"iVBORw0KGgoAAAANSUhEUgAABDgAAAkkCAYAAAD508+vAAAAAXNSR0IArs4c6QAAAARzQklUCAgI\nCHwIZIgAACAASURBVHic7N15eFTl3f/xz2QFEiBAgLCFVfadIKsgCpFd0VRFKkarotW2am2rrY/t\no/60rnVfyqNClU1ArOygLBLZRUBDICxZIQlkzwSYSTLz+yPOYSb7Dkffr+viMnPmzJlvkOTM+Zz7\n/t4Wp9PpFAAAAAAAgIl5Xe4CAAAAAAAAaouAAwAAAAAAmB4BBwAAAAAAMD0CDgAAAAAAYHoEHAAA\nAAAAwPQIOAAAAAAAgOkRcAAAAAAAANMj4AAAAAAAAKZHwAEAAAAAAEyPgAMAAAAAAJgeAQcAAAAA\nADA9Ag4AAAAAAGB6BBwAAAAAAMD0CDgAAAAAAIDpEXAAAAAAAADTI+AAAAAAAACmR8ABAAAAAABM\nj4ADAAAAAACYHgEHAAAAAAAwPQIOAAAAAABgegQcAAAAAADA9Ag4AAAAAACA6RFwAAAAAAAA0yPg\nAAAAAAAApkfAAQAAAAAATI+AAwAAAAAAmB4BBwAAAAAAMD0CDgAAAAAAYHoEHAAAAAAAwPQIOAAA\nAAAAgOkRcAAAAAAAANMj4AAAAAAAAKZHwAEAAAAAAEyPgAMAAAAAAJgeAQcAAAAAADA9Ag4AAAAA\nAGB6BBwAAAAAAMD0CDgAAAAAAIDpEXAAAAAAAADTI+AAAAAAAACmR8ABAAAAAABMj4ADAAAAAACY\nHgEHAAAAAAAwPQIOAAAAAABgegQcAAAAAADA9Ag4AAAAANQpm82mY8eOyWazXdZjAPhl8bncBQAA\nAACovTNnzujUqVO6cOGCTp48qe7du2vSpEkNXkdcXJy2bdumo0ePavjw4YqIiKjRcVasWKHDhw+r\nd+/euvbaa9W1a9c6rvSS+Ph4...
[debug] [35m[W3C (a9b75b1c)][39m Responding to client with driver.getScreenshot() result: "iVBORw0KGgoAAAANSUhEUgAABDgAAAkkCAYAAAD508+vAAAAAXNSR0IArs4c6QAAAARzQklUCAgI\nCHwIZIgAACAASURBVHic7N15eFTl3f/xz2QFEiBAgLCFVfadIKsgCpFd0VRFKkarotW2am2rrY/t\no/60rnVfyqNClU1ArOygLBLZRUBDICxZIQlkzwSYSTLz+yPOYSb7Dkffr+viMnPmzJlvkOTM+Zz7\n/t4Wp9PpFAAAAAAAgIl5Xe4CAAAAAAAAaouAAwAAAAAAmB4BBwAAAAAAMD0CDgAAAAAAYHoEHAAA\nAAAAwPQIOAAAAAAAgOkRcAAAAAAAANMj4AAAAAAAAKZHwAEAAAAAAEyPgAMAAAAAAJgeAQcAAAAA\nADA9Ag4AAAAAAGB6BBwAAAAAAMD0CDgAAAAAAIDpEXAAAAAAAADTI+AAAAAAAACmR8ABAAAAAABM\nj4ADAAAAAACYHgEHAAAAAAAwPQIOAAAAAABgegQcAAAAAADA9Ag4AAAAAACA6RFwAAAAAAAA0yPg\nAAAAAAAApkfAAQAAAAAATI+AAwAAAAAAmB4BBwAAAAAAMD0CDgAAAAAAYHoEHAAAAAAAwPQIOAAA\nAAAAgOkRcAAAAAAAANMj4AAAAAAAAKZHwAEAAAAAAEyPgAMAAAAAAJgeAQcAAAAAADA9Ag4AAAAA\nAGB6BBwAAAAAAMD0CDgAAAAAAIDpEXAAAAAAAADTI+AAAAAAAACmR8ABAAAAAABMj4ADAAAAAACY\nHgEHAAAAAAAwPQIOAAAAAABgegQcAAAAAADA9Ag4AAAAANQpm82mY8eOyWazXdZjAPhl8bncBQAA\nAACovTNnzujUqVO6cOGCTp48qe7du2vSpEkNXkdcXJy2bdumo0ePavjw4YqIiKjRcVasWKHDhw+r\nd+/euvbaa9W1a9c6rvSS+Ph4paWlafjw4fLy8rwHnJWVpR9//FE5OTlq2bKlevXqpVatWtVbLQBq\njoADAA...
[35m[HTTP][39m [37m<-- GET /wd/hub/session/a9b75b1c-3e4f-41e2-8fcb-a768812e8c54/screenshot [39m[32m200[39m [90m1662 ms - 197452[39m
[35m[HTTP][39m [90m[39m
[35m[HTTP][39m [37m-->[39m [37mGET[39m [37m/wd/hub/session/a9b75b1c-3e4f-41e2-8fcb-a768812e8c54/window/rect[39m
[35m[HTTP][39m [90m{}[39m
[debug] [35m[W3C (a9b75b1c)][39m Calling AppiumDriver.getWindowRect() with args: ["a9b75b1c-3e4f-41e2-8fcb-a768812e8c54"]
[debug] [35m[WD Proxy][39m Matched '/window/current/size' to command name 'getWindowSize'
[debug] [35m[WD Proxy][39m Proxying [GET /window/current/size] to [GET http://127.0.0.1:8214/wd/hub/session/a7ceb3b5-1e6a-44e0-a163-922cf26369d4/window/current/size] with no body
[debug] [35m[WD Proxy][39m Got response with status 200: {"sessionId":"a7ceb3b5-1e6a-44e0-a163-922cf26369d4","value":{"height":2136,"width":1080}}
[debug] [35m[W3C (a9b75b1c)][39m Responding to client with driver.getWindowRect() result: {"width":1080,"height":2136,"x":0,"y":0}
[35m[HTTP][39m [37m<-- GET /wd/hub/session/a9b75b1c-3e4f-41e2-8fcb-a768812e8c54/window/rect [39m[32m200[39m [90m45 ms - 50[39m
[35m[HTTP][39m [90m[39m
[35m[HTTP][39m [37m-->[39m [37mGET[39m [37m/wd/hub/session/a9b75b1c-3e4f-41e2-8fcb-a768812e8c54/appium/device/system_bars[39m
[35m[HTTP][39m [90m{}[39m
[debug] [35m[W3C (a9b75b1c)][39m Calling AppiumDriver.getSystemBars() with args: ["a9b75b1c-3e4f-41e2-8fcb-a768812e8c54"]
[debug] [35m[ADB][39m Running 'C:\Users\salsa\.katalon\tools\android_sdk\platform-tools\adb.exe -P 5037 -s aeebca410407 shell dumpsys window windows'
[debug] [35m[W3C (a9b75b1c)][39m Responding to client with driver.getSystemBars() result: {"statusBar":{"visible":true,"x":0,"y":0,"width":1080,"height":100},"navigationBar":{"visible":true,"x":0,"y":0,"width":1080,"height":104}}
[35m[HTTP][39m [37m<-- GET /wd/hub/session/a9b75b1c-3e4f-41e2-8fcb-a768812e8c54/appium/device/system_bars [39m[32m200[39m [90m185 ms - 149[39m
[35m[HTTP][39m [90m[39m
[35m[HTTP][39m [37m-->[39m [37mPOST[39m [37m/wd/hub/session/a9b75b1c-3e4f-41e2-8fcb-a768812e8c54/appium/device/activate_app[39m
[35m[HTTP][39m [90m{"bundleId":"com.example.calculator"}[39m
[debug] [35m[W3C (a9b75b1c)][39m Calling AppiumDriver.activateApp() with args: ["com.example.calculator",null,null,null,"a9b75b1c-3e4f-41e2-8fcb-a768812e8c54"]
[debug] [35m[AndroidDriver][39m Activating 'com.example.calculator' with 'adb shell monkey -p com.example.calculator -c android.intent.category.LAUNCHER 1' command
[debug] [35m[ADB][39m Running 'C:\Users\salsa\.katalon\tools\android_sdk\platform-tools\adb.exe -P 5037 -s aeebca410407 shell monkey -p com.example.calculator -c android.intent.category.LAUNCHER 1'
[debug] [35m[AndroidDriver][39m Command stdout: bash arg: -p
[debug] [35m[AndroidDriver][39m   bash arg: com.example.calculator
[debug] [35m[AndroidDriver][39m   bash arg: -c
[debug] [35m[AndroidDriver][39m   bash arg: android.intent.category.LAUNCHER
[debug] [35m[AndroidDriver][39m   bash arg: 1
[debug] [35m[AndroidDriver][39m Events injected: 1
[debug] [35m[AndroidDriver][39m ## Network stats: elapsed time=75ms (0ms mobile, 0ms wifi, 75ms not connected)
[debug] [35m[W3C (a9b75b1c)][39m Responding to client with driver.activateApp() result: null
[35m[HTTP][39m [37m<-- POST /wd/hub/session/a9b75b1c-3e4f-41e2-8fcb-a768812e8c54/appium/device/activate_app [39m[32m200[39m [90m799 ms - 14[39m
[35m[HTTP][39m [90m[39m
[35m[HTTP][39m [37m-->[39m [37mGET[39m [37m/wd/hub/session/a9b75b1c-3e4f-41e2-8fcb-a768812e8c54/source[39m
[35m[HTTP][39m [90m{}[39m
[35m[W3C (a9b75b1c)][39m Driver proxy active, passing request on via HTTP proxy
[debug] [35m[WD Proxy][39m Matched '/wd/hub/session/a9b75b1c-3e4f-41e2-8fcb-a768812e8c54/source' to command name 'getPageSource'
[debug] [35m[WD Proxy][39m Proxying [GET /wd/hub/session/a9b75b1c-3e4f-41e2-8fcb-a768812e8c54/source] to [GET http://127.0.0.1:8214/wd/hub/session/a7ceb3b5-1e6a-44e0-a163-922cf26369d4/source] with no body
[debug] [35m[WD Proxy][39m Got response with status 200: {"sessionId":"a7ceb3b5-1e6a-44e0-a163-922cf26369d4","value":"<?xml version='1.0' encoding='UTF-8' standalone='yes' ?>\r\n<hierarchy index=\"0\" class=\"hierarchy\" rotation=\"0\" width=\"1080\" height=\"2136\">\r\n  <android.widget.FrameLayout index=\"0\" package=\"com.example.calculator\" class=\"android.widget.FrameLayout\" text=\"\" checkable=\"false\" checked=\"false\" clickable=\"false\" enabled=\"true\" focusable=\"false\" focused=\"false\" long-clickable=\"false\" password=\"false\" scrollable=\"false\" selected=\"false\" bounds=\"[0,0][1080,2136]\" displayed=\"true\">\r\n    <android.widget.LinearLayout index=\"0\" package=\"com.example.calculator\" class=\"android.widget.LinearLayout\" text=\"\" checkable=\"false\" checked=\"false\" clickable=\"false\" enabled=\"true\" focusable=\"false\" focused=\"false\" long-clickable=\"false\" password=\"false\" scrollable=\"false\" selected=\"false\" bounds=\"[0,0][1080,2136]\" displayed=\"true\">\r\n      <android.widget.FrameLayout index=\"0\" package=\"com...
[35m[WD Proxy][39m Replacing sessionId a7ceb3b5-1e6a-44e0-a163-922cf26369d4 with a9b75b1c-3e4f-41e2-8fcb-a768812e8c54
[35m[HTTP][39m [37m<-- GET /wd/hub/session/a9b75b1c-3e4f-41e2-8fcb-a768812e8c54/source [39m[32m200[39m [90m2517 ms - 2677[39m
[35m[HTTP][39m [90m[39m
[35m[HTTP][39m [37m-->[39m [37mGET[39m [37m/wd/hub/session/a9b75b1c-3e4f-41e2-8fcb-a768812e8c54/screenshot[39m
[35m[HTTP][39m [90m{}[39m
[debug] [35m[W3C (a9b75b1c)][39m Calling AppiumDriver.getScreenshot() with args: ["a9b75b1c-3e4f-41e2-8fcb-a768812e8c54"]
[debug] [35m[WD Proxy][39m Matched '/screenshot' to command name 'getScreenshot'
[debug] [35m[WD Proxy][39m Proxying [GET /screenshot] to [GET http://127.0.0.1:8214/wd/hub/session/a7ceb3b5-1e6a-44e0-a163-922cf26369d4/screenshot] with no body
[debug] [35m[WD Proxy][39m Got response with status 200: {"sessionId":"a7ceb3b5-1e6a-44e0-a163-922cf26369d4","value":"iVBORw0KGgoAAAANSUhEUgAABDgAAAkkCAYAAAD508+vAAAAAXNSR0IArs4c6QAAAARzQklUCAgI\nCHwIZIgAACAASURBVHic7N1rkGRpehf2J7Myqyrr1nW/ddV09/RO76xWq8tKscEaKcAwwjLSYoQQ\nMrIWG5m7w4AFCIzDEA4+gBCyw1hIYJAsEBgcIJAQCCGE1yCxSGJDaDQ7Mzs70z3TXd1dXVVd93tV\nXvyhJk9n1r3r0tvv7u8X0TFTlZkn38rKynPO/zzv8+Y+9alP1QIAAAAgYfkv9AAAAAAAzkvAAQAA\nACRPwAEAAAAkT8ABAAAAJE/AAQAAACRPwAEAAAAkT8ABAAAAJE/AAQAAACRPwAEAAAAkT8ABAAAA\nJE/AAQAAACRPwAEAAAAkT8ABAAAAJE/AAQAAACRPwAEAAAAkT8ABAAAAJE/AAQAAACRPwAEAAAAk\nT8ABAAAAJE/AAQAAACRPwAEAAAAkT8ABAAAAJE/AAQAAACRPwAEAAAAkT8ABAAAAJE/AAQAAACRP\nwAEAAAAkT8ABAAAAJE/AAQAAACRPwAEAAAAkT8ABAAAAJE/AAQAAACRPwAEAAAAkT8ABAAAAJE/A\nAQAAACRPwAEAAAAkT8ABAAAAJE/AAQAAACRPwAEAAAAkT8ABAAAAJE/AAQAAACRPwAEAAAAkT8AB\nAAAAJE/AAQAAACRPwAEAAAAkT8ABAABcqHw+H11dXZHPn/104yK2AXxpKXyhBwAAAJxfe3t7dHR0\nREtLS3R0dMTGxkbMzc0983F0dHTEwMBAdHV1xdLSUkxPT59pO2NjY9HT0xNra2sxPz8fGxsbFzzS\nJwYHB6NUKsXDhw+jUqk03dbd3R39/f1RKBRiZ2cnlpeXY2Vl5dLGApydgAMAABLW398fV65cic7O\nzigUCpHL5aJQKES5XI6tra1Y...
[debug] [35m[W3C (a9b75b1c)][39m Responding to client with driver.getScreenshot() result: "iVBORw0KGgoAAAANSUhEUgAABDgAAAkkCAYAAAD508+vAAAAAXNSR0IArs4c6QAAAARzQklUCAgI\nCHwIZIgAACAASURBVHic7N1rkGRpehf2J7Myqyrr1nW/ddV09/RO76xWq8tKscEaKcAwwjLSYoQQ\nMrIWG5m7w4AFCIzDEA4+gBCyw1hIYJAsEBgcIJAQCCGE1yCxSGJDaDQ7Mzs70z3TXd1dXVVd93tV\nXvyhJk9n1r3r0tvv7u8X0TFTlZkn38rKynPO/zzv8+Y+9alP1QIAAAAgYfkv9AAAAAAAzkvAAQAA\nACRPwAEAAAAkT8ABAAAAJE/AAQAAACRPwAEAAAAkT8ABAAAAJE/AAQAAACRPwAEAAAAkT8ABAAAA\nJE/AAQAAACRPwAEAAAAkT8ABAAAAJE/AAQAAACRPwAEAAAAkT8ABAAAAJE/AAQAAACRPwAEAAAAk\nT8ABAAAAJE/AAQAAACRPwAEAAAAkT8ABAAAAJE/AAQAAACRPwAEAAAAkT8ABAAAAJE/AAQAAACRP\nwAEAAAAkT8ABAAAAJE/AAQAAACRPwAEAAAAkT8ABAAAAJE/AAQAAACRPwAEAAAAkT8ABAAAAJE/A\nAQAAACRPwAEAAAAkT8ABAAAAJE/AAQAAACRPwAEAAAAkT8ABAAAAJE/AAQAAACRPwAEAAAAkT8AB\nAAAAJE/AAQAAACRPwAEAAAAkT8ABAABcqHw+H11dXZHPn/104yK2AXxpKXyhBwAAAJxfe3t7dHR0\nREtLS3R0dMTGxkbMzc0983F0dHTEwMBAdHV1xdLSUkxPT59pO2NjY9HT0xNra2sxPz8fGxsbFzzS\nJwYHB6NUKsXDhw+jUqk03dbd3R39/f1RKBRiZ2cnlpeXY2Vl5dLGApydgAMAABLW398fV65cic7O\nzigUCpHL5aJQKES5XI6tra1YXV19JuPI5/PR398fg4OD0dPTE4VCITo6OmJxcTG2traealvt7e0x\nPj4exW...
[35m[HTTP][39m [37m<-- GET /wd/hub/session/a9b75b1c-3e4f-41e2-8fcb-a768812e8c54/screenshot [39m[32m200[39m [90m502 ms - 41952[39m
[35m[HTTP][39m [90m[39m
[35m[HTTP][39m [37m-->[39m [37mGET[39m [37m/wd/hub/session/a9b75b1c-3e4f-41e2-8fcb-a768812e8c54/source[39m
[35m[HTTP][39m [90m{}[39m
[35m[W3C (a9b75b1c)][39m Driver proxy active, passing request on via HTTP proxy
[debug] [35m[WD Proxy][39m Matched '/wd/hub/session/a9b75b1c-3e4f-41e2-8fcb-a768812e8c54/source' to command name 'getPageSource'
[debug] [35m[WD Proxy][39m Proxying [GET /wd/hub/session/a9b75b1c-3e4f-41e2-8fcb-a768812e8c54/source] to [GET http://127.0.0.1:8214/wd/hub/session/a7ceb3b5-1e6a-44e0-a163-922cf26369d4/source] with no body
[debug] [35m[WD Proxy][39m Got response with status 200: {"sessionId":"a7ceb3b5-1e6a-44e0-a163-922cf26369d4","value":"<?xml version='1.0' encoding='UTF-8' standalone='yes' ?>\r\n<hierarchy index=\"0\" class=\"hierarchy\" rotation=\"3\" width=\"2136\" height=\"1080\">\r\n  <android.widget.FrameLayout index=\"0\" package=\"com.example.calculator\" class=\"android.widget.FrameLayout\" text=\"\" checkable=\"false\" checked=\"false\" clickable=\"false\" enabled=\"true\" focusable=\"false\" focused=\"false\" long-clickable=\"false\" password=\"false\" scrollable=\"false\" selected=\"false\" bounds=\"[0,0][2136,1080]\" displayed=\"true\">\r\n    <android.widget.LinearLayout index=\"1\" package=\"com.example.calculator\" class=\"android.widget.LinearLayout\" text=\"\" checkable=\"false\" checked=\"false\" clickable=\"false\" enabled=\"true\" focusable=\"false\" focused=\"false\" long-clickable=\"false\" password=\"false\" scrollable=\"false\" selected=\"false\" bounds=\"[104,0][2136,1080]\" displayed=\"true\">\r\n      <android.widget.FrameLayout index=\"0\" package=\"c...
[35m[WD Proxy][39m Replacing sessionId a7ceb3b5-1e6a-44e0-a163-922cf26369d4 with a9b75b1c-3e4f-41e2-8fcb-a768812e8c54
[35m[HTTP][39m [37m<-- GET /wd/hub/session/a9b75b1c-3e4f-41e2-8fcb-a768812e8c54/source [39m[32m200[39m [90m97 ms - 9519[39m
[35m[HTTP][39m [90m[39m
[35m[HTTP][39m [37m-->[39m [37mGET[39m [37m/wd/hub/session/a9b75b1c-3e4f-41e2-8fcb-a768812e8c54/screenshot[39m
[35m[HTTP][39m [90m{}[39m
[debug] [35m[W3C (a9b75b1c)][39m Calling AppiumDriver.getScreenshot() with args: ["a9b75b1c-3e4f-41e2-8fcb-a768812e8c54"]
[debug] [35m[WD Proxy][39m Matched '/screenshot' to command name 'getScreenshot'
[debug] [35m[WD Proxy][39m Proxying [GET /screenshot] to [GET http://127.0.0.1:8214/wd/hub/session/a7ceb3b5-1e6a-44e0-a163-922cf26369d4/screenshot] with no body
[debug] [35m[WD Proxy][39m Got response with status 200: {"sessionId":"a7ceb3b5-1e6a-44e0-a163-922cf26369d4","value":"iVBORw0KGgoAAAANSUhEUgAACSQAAAQ4CAYAAAAaFkDuAAAAAXNSR0IArs4c6QAAAARzQklUCAgI\nCHwIZIgAACAASURBVHic7N13eFR12sbxe1ImCSmQBiSBNAgEQleQJjUoRZCODQvFAsiirmvZd9e2\nu7q67lrAsuoqYANFKdJ7701676EmQIqmz/vHkJMM6clJIPr9XFeundN+80yAZNZzz/NYbDabTbhp\n1Qiof6NLAAAAAAAAAAAAAAAAuKldjT9yo0tAHk43ugAAAAAAAAAAAAAAAAAAvx0EkgAAAAAAAAAA\nAAAAAACYhkASAAAAAAAAAAAAAAAAANMQSAIAAAAAAAAAAAAAAABgGgJJAAAAAAAAAAAAAAAAAExD\nIAkAAAAAAAAAAAAAAACAaQgkAQAAAAAAAAAAAAAAADANgSQAAAAAAAAAAAAAAAAApiGQBAAAAAAA\nAAAAAAAAAMA0BJIAAAAAAAAAAAAAAAAAmIZAEgAAAAAAAAAAAAAAAADTEEgCAAAAAAAAAAAAAAAA\nYBoCSQAAAAAAAAAAAAAAAABMQyAJAAAAAAAAAAAAAAAAgGkIJAEAAAAAAAAAAAAAAAAwDYEkAAAA\nAAAAAAAAAAAAAKYhkAQAAAAAAAAAAAAAAADANASSAAAAAAAAAAAAAAAAAJiGQBIAAAAAAAAAAAAA\nAAAA0xBIAgAAAAAAAAAAAAAAAGAaAkkAAAAAAAAAAAAAAAAATEMgCQAAAAAAAAAAAAAAAIBpCCQB\nAAAAAAAAAAAAAAAAMA2BJAAAAAAAAAAAAAAAAACmIZAEAAAAAAAAAAAAAAAAwDQEkgAAAAAAAAAA\nAAAAAACYhkASAAAAAAAAAAAAAAAAANMQSAIAAAAAAAAAAAAAAABgGgJJAAAAAAAAAAAAAAAAAExD\nIAkAAAAAAAAAAAAAAACAaQgk...
[debug] [35m[W3C (a9b75b1c)][39m Responding to client with driver.getScreenshot() result: "iVBORw0KGgoAAAANSUhEUgAACSQAAAQ4CAYAAAAaFkDuAAAAAXNSR0IArs4c6QAAAARzQklUCAgI\nCHwIZIgAACAASURBVHic7N13eFR12sbxe1ImCSmQBiSBNAgEQleQJjUoRZCODQvFAsiirmvZd9e2\nu7q67lrAsuoqYANFKdJ7701676EmQIqmz/vHkJMM6clJIPr9XFeundN+80yAZNZzz/NYbDabTbhp\n1Qiof6NLAAAAAAAAAAAAAAAAuKldjT9yo0tAHk43ugAAAAAAAAAAAAAAAAAAvx0EkgAAAAAAAAAA\nAAAAAACYhkASAAAAAAAAAAAAAAAAANMQSAIAAAAAAAAAAAAAAABgGgJJAAAAAAAAAAAAAAAAAExD\nIAkAAAAAAAAAAAAAAACAaQgkAQAAAAAAAAAAAAAAADANgSQAAAAAAAAAAAAAAAAApiGQBAAAAAAA\nAAAAAAAAAMA0BJIAAAAAAAAAAAAAAAAAmIZAEgAAAAAAAAAAAAAAAADTEEgCAAAAAAAAAAAAAAAA\nYBoCSQAAAAAAAAAAAAAAAABMQyAJAAAAAAAAAAAAAAAAgGkIJAEAAAAAAAAAAAAAAAAwDYEkAAAA\nAAAAAAAAAAAAAKYhkAQAAAAAAAAAAAAAAADANASSAAAAAAAAAAAAAAAAAJiGQBIAAAAAAAAAAAAA\nAAAA0xBIAgAAAAAAAAAAAAAAAGAaAkkAAAAAAAAAAAAAAAAATEMgCQAAAAAAAAAAAAAAAIBpCCQB\nAAAAAAAAAAAAAAAAMA2BJAAAAAAAAAAAAAAAAACmIZAEAAAAAAAAAAAAAAAAwDQEkgAAAAAAAAAA\nAAAAAACYhkASAAAAAAAAAAAAAAAAANMQSAIAAAAAAAAAAAAAAABgGgJJAAAAAAAAAAAAAAAAAExD\nIAkAAAAAAAAAAAAAAACAaQgkAQAAAAAAAAAAAAAAADANgSQAAAAAAAAAAAAAAAAApiGQBAAAAAAA\nAAAAAA...
[35m[HTTP][39m [37m<-- GET /wd/hub/session/a9b75b1c-3e4f-41e2-8fcb-a768812e8c54/screenshot [39m[32m200[39m [90m590 ms - 60566[39m
[35m[HTTP][39m [90m[39m
[35m[HTTP][39m [37m-->[39m [37mGET[39m [37m/wd/hub/session/a9b75b1c-3e4f-41e2-8fcb-a768812e8c54/source[39m
[35m[HTTP][39m [90m{}[39m
[35m[W3C (a9b75b1c)][39m Driver proxy active, passing request on via HTTP proxy
[debug] [35m[WD Proxy][39m Matched '/wd/hub/session/a9b75b1c-3e4f-41e2-8fcb-a768812e8c54/source' to command name 'getPageSource'
[debug] [35m[WD Proxy][39m Proxying [GET /wd/hub/session/a9b75b1c-3e4f-41e2-8fcb-a768812e8c54/source] to [GET http://127.0.0.1:8214/wd/hub/session/a7ceb3b5-1e6a-44e0-a163-922cf26369d4/source] with no body
[debug] [35m[WD Proxy][39m Got response with status 200: {"sessionId":"a7ceb3b5-1e6a-44e0-a163-922cf26369d4","value":"<?xml version='1.0' encoding='UTF-8' standalone='yes' ?>\r\n<hierarchy index=\"0\" class=\"hierarchy\" rotation=\"0\" width=\"1080\" height=\"2136\">\r\n  <android.widget.FrameLayout index=\"0\" package=\"com.example.calculator\" class=\"android.widget.FrameLayout\" text=\"\" checkable=\"false\" checked=\"false\" clickable=\"false\" enabled=\"true\" focusable=\"false\" focused=\"false\" long-clickable=\"false\" password=\"false\" scrollable=\"false\" selected=\"false\" bounds=\"[0,0][1080,2136]\" displayed=\"true\">\r\n    <android.widget.LinearLayout index=\"0\" package=\"com.example.calculator\" class=\"android.widget.LinearLayout\" text=\"\" checkable=\"false\" checked=\"false\" clickable=\"false\" enabled=\"true\" focusable=\"false\" focused=\"false\" long-clickable=\"false\" password=\"false\" scrollable=\"false\" selected=\"false\" bounds=\"[0,0][1080,2136]\" displayed=\"true\">\r\n      <android.widget.FrameLayout index=\"0\" package=\"com...
[35m[WD Proxy][39m Replacing sessionId a7ceb3b5-1e6a-44e0-a163-922cf26369d4 with a9b75b1c-3e4f-41e2-8fcb-a768812e8c54
[35m[HTTP][39m [37m<-- GET /wd/hub/session/a9b75b1c-3e4f-41e2-8fcb-a768812e8c54/source [39m[32m200[39m [90m598 ms - 15977[39m
[35m[HTTP][39m [90m[39m
[35m[HTTP][39m [37m-->[39m [37mGET[39m [37m/wd/hub/session/a9b75b1c-3e4f-41e2-8fcb-a768812e8c54/screenshot[39m
[35m[HTTP][39m [90m{}[39m
[debug] [35m[W3C (a9b75b1c)][39m Calling AppiumDriver.getScreenshot() with args: ["a9b75b1c-3e4f-41e2-8fcb-a768812e8c54"]
[debug] [35m[WD Proxy][39m Matched '/screenshot' to command name 'getScreenshot'
[debug] [35m[WD Proxy][39m Proxying [GET /screenshot] to [GET http://127.0.0.1:8214/wd/hub/session/a7ceb3b5-1e6a-44e0-a163-922cf26369d4/screenshot] with no body
[debug] [35m[WD Proxy][39m Got response with status 200: {"sessionId":"a7ceb3b5-1e6a-44e0-a163-922cf26369d4","value":"iVBORw0KGgoAAAANSUhEUgAABDgAAAkkCAYAAAD508+vAAAAAXNSR0IArs4c6QAAAARzQklUCAgI\nCHwIZIgAACAASURBVHic7N13VJPn+wbwK4wEZC+ZshQBwa24BRX3xG2te8+v1ra2dmjtsra2dbfV\n1qpt3Yp774V7K4KKiiICslFm8vsj8kJIgABhxN/1OcdzknflxlaS98rz3I/IzKqmDERERERERERE\nWkynsgsgIiIiIiIiIiorBhxEREREREREpPUYcBARERERERGR1mPAQURERERERERajwEHERERERER\nEWk9BhxEREREREREpPUYcBARERERERGR1mPAQURERERERERajwEHEREREREREWk9BhxERERERERE\npPUYcBARERERERGR1mPAQURERERERERajwEHEREREREREWk9BhxEREREREREpPUYcBARERERERGR\n1mPAQURERERERERajwEHEREREREREWk9BhxEREREREREpPUYcBARERERERGR1mPAQURERERERERa\njwEHEREREREREWk9BhxEREREREREpPUYcBARERERERGR1mPAQURERERERERajwEHEREREREREWk9\nBhxEREREREREpPUYcBARERERERGR1mPAQURERERERERajwEHEREREREREWk9BhxEREREREREpPUY\ncBARERERERGR1mPAQURERERERERajwEHEREREREREWk9BhxEREREREREpPUYcBARERERERGR1mPA\nQURERERERERajwEHEREREREREWk9BhxEREREREREpPUYcBARERERERGR1mPAQURERERERERajwEH\nEREREREREWk9BhxEREREREREpPUYcBARERERERGR1mPAQURERERERERajwEHEREREREREWk9BhxE\nRERERKRRBhIJfH28YSCRVOo1...
[debug] [35m[W3C (a9b75b1c)][39m Responding to client with driver.getScreenshot() result: "iVBORw0KGgoAAAANSUhEUgAABDgAAAkkCAYAAAD508+vAAAAAXNSR0IArs4c6QAAAARzQklUCAgI\nCHwIZIgAACAASURBVHic7N13VJPn+wbwK4wEZC+ZshQBwa24BRX3xG2te8+v1ra2dmjtsra2dbfV\n1qpt3Yp774V7K4KKiiICslFm8vsj8kJIgABhxN/1OcdzknflxlaS98rz3I/IzKqmDERERERERERE\nWkynsgsgIiIiIiIiIiorBhxEREREREREpPUYcBARERERERGR1mPAQURERERERERajwEHERERERER\nEWk9BhxEREREREREpPUYcBARERERERGR1mPAQURERERERERajwEHEREREREREWk9BhxERERERERE\npPUYcBARERERERGR1mPAQURERERERERajwEHEREREREREWk9BhxEREREREREpPUYcBARERERERGR\n1mPAQURERERERERajwEHEREREREREWk9BhxEREREREREpPUYcBARERERERGR1mPAQURERERERERa\njwEHEREREREREWk9BhxEREREREREpPUYcBARERERERGR1mPAQURERERERERajwEHEREREREREWk9\nBhxEREREREREpPUYcBARERERERGR1mPAQURERERERERajwEHEREREREREWk9BhxEREREREREpPUY\ncBARERERERGR1mPAQURERERERERajwEHEREREREREWk9BhxEREREREREpPUYcBARERERERGR1mPA\nQURERERERERajwEHEREREREREWk9BhxEREREREREpPUYcBARERERERGR1mPAQURERERERERajwEH\nEREREREREWk9BhxEREREREREpPUYcBARERERERGR1mPAQURERERERERajwEHEREREREREWk9BhxE\nRERERKRRBhIJfH28YSCRVOo1iOj/F12DapbzKrsIIiIiIiIqmxo1HNHMrxF8fbzRu1cXWFlZ4n7Y\ngwqvw6...
[35m[HTTP][39m [37m<-- GET /wd/hub/session/a9b75b1c-3e4f-41e2-8fcb-a768812e8c54/screenshot [39m[32m200[39m [90m579 ms - 83338[39m
[35m[HTTP][39m [90m[39m
[35m[HTTP][39m [37m-->[39m [37mDELETE[39m [37m/wd/hub/session/a9b75b1c-3e4f-41e2-8fcb-a768812e8c54[39m
[35m[HTTP][39m [90m{}[39m
[debug] [35m[W3C (a9b75b1c)][39m Calling AppiumDriver.deleteSession() with args: ["a9b75b1c-3e4f-41e2-8fcb-a768812e8c54"]
[debug] [35m[BaseDriver][39m Event 'quitSessionRequested' logged at 1650084988486 (11:56:28 GMT+0700 (Western Indonesia Time))
[35m[Appium][39m Removing session a9b75b1c-3e4f-41e2-8fcb-a768812e8c54 from our master session list
[debug] [35m[UiAutomator2][39m Deleting UiAutomator2 session
[debug] [35m[UiAutomator2][39m Deleting UiAutomator2 server session
[debug] [35m[WD Proxy][39m Matched '/' to command name 'deleteSession'
[debug] [35m[WD Proxy][39m Proxying [DELETE /] to [DELETE http://127.0.0.1:8214/wd/hub/session/a7ceb3b5-1e6a-44e0-a163-922cf26369d4] with no body
[debug] [35m[WD Proxy][39m Got response with status 200: {"sessionId":"a7ceb3b5-1e6a-44e0-a163-922cf26369d4","value":null}
[debug] [35m[ADB][39m Running 'C:\Users\salsa\.katalon\tools\android_sdk\platform-tools\adb.exe -P 5037 -s aeebca410407 shell am force-stop com.android.settings'
[debug] [35m[Logcat][39m Stopping logcat capture
[debug] [35m[Logcat][39m Logcat already stopped
[debug] [35m[ADB][39m Removing forwarded port socket connection: 8214 
[debug] [35m[ADB][39m Running 'C:\Users\salsa\.katalon\tools\android_sdk\platform-tools\adb.exe -P 5037 -s aeebca410407 forward --remove tcp:8214'
[35m[UiAutomator2][39m Restoring hidden api policy to the device default configuration
[debug] [35m[ADB][39m Running 'C:\Users\salsa\.katalon\tools\android_sdk\platform-tools\adb.exe -P 5037 -s aeebca410407 shell 'settings delete global hidden_api_policy_pre_p_apps;settings delete global hidden_api_policy_p_apps;settings delete global hidden_api_policy''
[debug] [35m[BaseDriver][39m Event 'quitSessionFinished' logged at 1650084988907 (11:56:28 GMT+0700 (Western Indonesia Time))
[debug] [35m[W3C (a9b75b1c)][39m Received response: null
[debug] [35m[W3C (a9b75b1c)][39m But deleting session, so not returning
[debug] [35m[W3C (a9b75b1c)][39m Responding to client with driver.deleteSession() result: null
[35m[HTTP][39m [37m<-- DELETE /wd/hub/session/a9b75b1c-3e4f-41e2-8fcb-a768812e8c54 [39m[32m200[39m [90m425 ms - 14[39m
[35m[HTTP][39m [90m[39m
